Exec time UTC: Thu, 21 Sep 2023 07:15:51 +0000;
Name of function: hello_world;
Call arguments: (), {};
Function call data: Hello World;
Exec time UTC: Thu, 21 Sep 2023 07:15:51 +0000;
Name of function: summator;
Call arguments: (2, 2), {};
Function call data: 4;
Exec time UTC: Thu, 21 Sep 2023 07:15:51 +0000;
Name of function: div;
Call arguments: (6, 2), {};
Function call data: 3.0;
Exec time UTC: Thu, 21 Sep 2023 07:15:51 +0000;
Name of function: summator;
Call arguments: (4.3,), {'b': 2.2};
Function call data: 6.5;
Exec time UTC: Thu, 21 Sep 2023 07:15:51 +0000;
Name of function: summator;
Call arguments: (), {'a': 0, 'b': 0};
Function call data: 0;
